<?xml version="1.0" encoding="UTF-8"?>
<!-- Generated by org.testng.reporters.JUnitXMLReporter -->
<testsuite hostname="G10GGNLT052" name="BuildingTest" tests="2" failures="1" timestamp="29 Jan 2020 15:18:42 GMT" time="0.029" errors="0">
  <testcase name="@BeforeSuite setup" time="0.0" classname="com.arc.Building.LoginIntoArcTest">
    <failure type="org.openqa.selenium.TimeoutException" message="Timeout loading page after 120000ms
Build info: version: &amp;apos;3.141.59&amp;apos;, revision: &amp;apos;e82be7d358&amp;apos;, time: &amp;apos;2018-11-14T08:17:03&amp;apos;
System info: host: &amp;apos;G10GGNLT052&amp;apos;, ip: &amp;apos;192.168.43.20&amp;apos;, os.name: &amp;apos;Windows 10&amp;apos;, os.arch: &amp;apos;amd64&amp;apos;, os.version: &amp;apos;10.0&amp;apos;, java.version: &amp;apos;1.8.0_201&amp;apos;
Driver info: org.openqa.selenium.firefox.FirefoxDriver
Capabilities {acceptInsecureCerts: true, browserName: firefox, browserVersion: 72.0.2, javascriptEnabled: true, moz:accessibilityChecks: false, moz:buildID: 20200117190643, moz:geckodriverVersion: 0.26.0, moz:headless: false, moz:processID: 3580, moz:profile: C:\Users\Group10.G10GGNLT05..., moz:shutdownTimeout: 60000, moz:useNonSpecCompliantPointerOrigin: false, moz:webdriverClick: true, pageLoadStrategy: normal, platform: WINDOWS, platformName: WINDOWS, platformVersion: 10.0, rotatable: false, setWindowRect: true, strictFileInteractability: false, timeouts: {implicit: 0, pageLoad: 300000, script: 30000}, unhandledPromptBehavior: dismiss and notify}
Session ID: 2f59c50e-261e-4bd9-b269-9fd5666dd0f5">
      <![CDATA[org.openqa.selenium.TimeoutException: Timeout loading page after 120000ms
Build info: version: '3.141.59', revision: 'e82be7d358', time: '2018-11-14T08:17:03'
System info: host: 'G10GGNLT052', ip: '192.168.43.20', os.name: 'Windows 10', os.arch: 'amd64', os.version: '10.0', java.version: '1.8.0_201'
Driver info: org.openqa.selenium.firefox.FirefoxDriver
Capabilities {acceptInsecureCerts: true, browserName: firefox, browserVersion: 72.0.2, javascriptEnabled: true, moz:accessibilityChecks: false, moz:buildID: 20200117190643, moz:geckodriverVersion: 0.26.0, moz:headless: false, moz:processID: 3580, moz:profile: C:\Users\Group10.G10GGNLT05..., moz:shutdownTimeout: 60000, moz:useNonSpecCompliantPointerOrigin: false, moz:webdriverClick: true, pageLoadStrategy: normal, platform: WINDOWS, platformName: WINDOWS, platformVersion: 10.0, rotatable: false, setWindowRect: true, strictFileInteractability: false, timeouts: {implicit: 0, pageLoad: 300000, script: 30000}, unhandledPromptBehavior: dismiss and notify}
Session ID: 2f59c50e-261e-4bd9-b269-9fd5666dd0f5
	at org.openqa.selenium.remote.http.W3CHttpResponseCodec.createException(W3CHttpResponseCodec.java:187)
	at org.openqa.selenium.remote.http.W3CHttpResponseCodec.decode(W3CHttpResponseCodec.java:122)
	at org.openqa.selenium.remote.http.W3CHttpResponseCodec.decode(W3CHttpResponseCodec.java:49)
	at org.openqa.selenium.remote.HttpCommandExecutor.execute(HttpCommandExecutor.java:158)
	at org.openqa.selenium.remote.service.DriverCommandExecutor.execute(DriverCommandExecutor.java:83)
	at org.openqa.selenium.remote.RemoteWebDriver.execute(RemoteWebDriver.java:552)
	at org.openqa.selenium.remote.RemoteWebDriver.get(RemoteWebDriver.java:277)
	at com.arc.utility.BaseClass.setup(BaseClass.java:136)
... Removed 23 stack frames]]>
    </failure>
  </testcase> <!-- @BeforeSuite setup -->
  <testcase name="@BeforeMethod ExtentReportConfig" time="0.0" classname="com.arc.Building.LoginIntoArcTest">
    <skipped/>
  </testcase> <!-- @BeforeMethod ExtentReportConfig -->
  <testcase name="LoginIntoArc" time="0.0" classname="com.arc.Building.LoginIntoArcTest">
    <skipped/>
  </testcase> <!-- LoginIntoArc -->
  <testcase name="LoginIntoArc" time="0.012" classname="com.arc.Building.LoginIntoArcTest">
    <failure type="java.lang.NullPointerException">
      <![CDATA[java.lang.NullPointerException
	at com.arc.utility.ExtentListeners.onTestSkipped(ExtentListeners.java:122)
... Removed 22 stack frames]]>
    </failure>
  </testcase> <!-- LoginIntoArc -->
</testsuite> <!-- BuildingTest -->
